cc1plus: warning: class/Buscador.cpp: not a directory
cc1plus: warning: class/Buscador.cpp: not a directory
cc1plus: warning: class/Buscador.cpp: not a directory
class/Central.cpp: In constructor ‘Central::Central(int)’:
class/Central.cpp:6:8: error: ‘class Central’ has no member named ‘NumeroCentral’
  this->NumeroCentral= numeroCentralTemporal;
        ^
class/Central.cpp:7:29: error: ‘Internos’ was not declared in this scope
  this->internos = new Lista<Internos*>;
                             ^
class/Central.cpp:7:38: error: template argument 1 is invalid
  this->internos = new Lista<Internos*>;
                                      ^
class/Central.cpp:8:28: error: ‘Enlaces’ was not declared in this scope
  this->enlaces = new Lista<Enlaces*>*;
                            ^
class/Central.cpp:8:36: error: template argument 1 is invalid
  this->enlaces = new Lista<Enlaces*>*;
                                    ^
class/Central.cpp:8:38: error: expected primary-expression before ‘;’ token
  this->enlaces = new Lista<Enlaces*>*;
                                      ^
class/Central.cpp: At global scope:
class/Central.cpp:9:2: warning: extra ‘;’ [-Wpedantic]
 };
  ^
class/Central.cpp: In member function ‘Interno* Central::obtenerInterno(int)’:
class/Central.cpp:42:21: error: ‘internoTemporal’ was not declared in this scope
     internoDevolver=internoTemporal;
                     ^
cc1plus: warning: class/Buscador.cpp: not a directory
cc1plus: warning: class/Buscador.cpp: not a directory
cc1plus: warning: class/Buscador.cpp: not a directory
cc1plus: warning: class/Buscador.cpp: not a directory
class/Enlace.cpp: In constructor ‘Enlace::Enlace(int, int, int, int, int, Lista<Central*>*)’:
class/Enlace.cpp:12:16: error: cannot convert ‘Nodo<Central*>*’ to ‘Central*’ in assignment
  this->destino = centrales->obtenerPunteroAlObjeto(destinoTemporal);
                ^
class/Enlace.cpp:13:15: error: cannot convert ‘Nodo<Central*>*’ to ‘Central*’ in assignment
  this->origen = centrales->obtenerPunteroAlObjeto(origenTemporal);
               ^
class/Enlace.cpp: At global scope:
class/Enlace.cpp:16:5: error: prototype for ‘int Enlace::obtenerOrigen()’ does not match any in class ‘Enlace’
 int Enlace::obtenerOrigen()
     ^
In file included from class/Enlace.cpp:1:0:
class/Enlace.h:43:11: error: candidate is: Central* Enlace::obtenerOrigen()
  Central* obtenerOrigen();
           ^
class/Enlace.cpp:46:34: error: no ‘Central* Enlace::obteneroDestino()’ member function declared in class ‘Enlace’
 Central* Enlace::obteneroDestino()
                                  ^
cc1plus: warning: class/Buscador.cpp: not a directory
cc1plus: warning: class/Buscador.cpp: not a directory
cc1plus: warning: class/Buscador.cpp: not a directory
cc1plus: warning: class/Buscador.cpp: not a directory
class/Interno.cpp:1:20: error: stray ‘#’ in program
 ProcesadorLlamadaes#include "Interno.h"
                    ^
class/Interno.cpp:1:1: error: ‘ProcesadorLlamadaes’ does not name a type
 ProcesadorLlamadaes#include "Interno.h"
 ^
class/Interno.cpp:8:2: warning: extra ‘;’ [-Wpedantic]
 };
  ^
class/Interno.cpp:10:5: error: ‘Internos’ has not been declared
 int Internos::obtenerNumero()
     ^
class/Interno.cpp: In function ‘int obtenerNumero()’:
class/Interno.cpp:12:10: error: invalid use of ‘this’ in non-member function
  return (this->numeroInterno);
          ^
class/Interno.cpp: At global scope:
class/Interno.cpp:13:2: warning: extra ‘;’ [-Wpedantic]
 };
  ^
class/Interno.cpp:15:1: error: ‘Lista’ does not name a type
 Lista<Llamada*>* Interno::obtenerLlamadas()
 ^
class/Interno.cpp:18:2: warning: extra ‘;’ [-Wpedantic]
 };
  ^
class/Interno.cpp:20:1: error: ‘Lista’ does not name a type
 Lista<Enlace*>* Interno::devolverRecorridoLlamada(int emisorLlamadaTemporal, int receptorLlamadaTemporal)
 ^
class/Interno.cpp:35:6: error: ‘Interno’ has not been declared
 bool Interno::internoOcupado()
      ^
class/Interno.cpp: In function ‘bool internoOcupado()’:
class/Interno.cpp:37:10: error: invalid use of ‘this’ in non-member function
  return (this->estaOcupado);
          ^
class/Interno.cpp: At global scope:
class/Interno.cpp:38:2: warning: extra ‘;’ [-Wpedantic]
 };
  ^
class/Interno.cpp:40:1: error: ‘Llamada’ does not name a type
 Llamada* Interno::creaReceptorLlamada(int receptorLlamadaTemporal)
 ^
class/Interno.cpp:58:2: warning: extra ‘;’ [-Wpedantic]
 };
  ^
class/Interno.cpp:60:6: error: ‘Interno’ has not been declared
 void Interno::agregarLlamadaEmisor(int receptorTemporal, int horaTemporal, Interno* receptor, Lista<Enlace*>* recorridoLlamadaTemporal )
      ^
class/Interno.cpp:60:76: error: ‘Interno’ has not been declared
 void Interno::agregarLlamadaEmisor(int receptorTemporal, int horaTemporal, Interno* receptor, Lista<Enlace*>* recorridoLlamadaTemporal )
                                                                            ^
class/Interno.cpp:60:95: error: ‘Lista’ has not been declared
 void Interno::agregarLlamadaEmisor(int receptorTemporal, int horaTemporal, Interno* receptor, Lista<Enlace*>* recorridoLlamadaTemporal )
                                                                                               ^
class/Interno.cpp:60:100: error: expected ‘,’ or ‘...’ before ‘<’ token
 void Interno::agregarLlamadaEmisor(int receptorTemporal, int horaTemporal, Interno* receptor, Lista<Enlace*>* recorridoLlamadaTemporal )
                                                                                                    ^
class/Interno.cpp: In function ‘void agregarLlamadaEmisor(int, int, int*, int)’:
class/Interno.cpp:63:2: error: ‘Llamada’ was not declared in this scope
  Llamada* llamadaTemporal = creaReceptorLlamada(receptorLlamadaTemporal);
  ^
class/Interno.cpp:63:11: error: ‘llamadaTemporal’ was not declared in this scope
  Llamada* llamadaTemporal = creaReceptorLlamada(receptorLlamadaTemporal);
           ^
class/Interno.cpp:63:49: error: ‘receptorLlamadaTemporal’ was not declared in this scope
  Llamada* llamadaTemporal = creaReceptorLlamada(receptorLlamadaTemporal);
                                                 ^
class/Interno.cpp:63:72: error: ‘creaReceptorLlamada’ was not declared in this scope
  Llamada* llamadaTemporal = creaReceptorLlamada(receptorLlamadaTemporal);
                                                                        ^
class/Interno.cpp:66:18: error: request for member ‘internoOcupado’ in ‘* receptor’, which is of non-class type ‘int’
  if (! receptor->internoOcupado()) {
                  ^
class/Interno.cpp:67:41: error: ‘horaInicioLlamadaEnCursoTemporal’ was not declared in this scope
   llamadaTemporal->empezarLlamadaEmisor(horaInicioLlamadaEnCursoTemporal, recorridoLlamadaTemporal);
                                         ^
class/Interno.cpp:67:75: error: ‘recorridoLlamadaTemporal’ was not declared in this scope
   llamadaTemporal->empezarLlamadaEmisor(horaInicioLlamadaEnCursoTemporal, recorridoLlamadaTemporal);
                                                                           ^
class/Interno.cpp:71:44: error: ‘recorridoLlamadaTemporal’ was not declared in this scope
   llamadaTemporal->empezarLlamadaEmisor(0, recorridoLlamadaTemporal);
                                            ^
class/Interno.cpp: At global scope:
class/Interno.cpp:60:40: warning: unused parameter ‘receptorTemporal’ [-Wunused-parameter]
 void Interno::agregarLlamadaEmisor(int receptorTemporal, int horaTemporal, Interno* receptor, Lista<Enlace*>* recorridoLlamadaTemporal )
                                        ^
class/Interno.cpp:60:62: warning: unused parameter ‘horaTemporal’ [-Wunused-parameter]
 void Interno::agregarLlamadaEmisor(int receptorTemporal, int horaTemporal, Interno* receptor, Lista<Enlace*>* recorridoLlamadaTemporal )
                                                              ^
class/Interno.cpp:77:6: error: ‘Interno’ has not been declared
 void Interno::agregarLlamadaReceptor(int emisorTemporal, int horaTemporal, Lista<Enlace*>* recorridoLlamadaTemporal )
      ^
class/Interno.cpp:77:76: error: ‘Lista’ has not been declared
 void Interno::agregarLlamadaReceptor(int emisorTemporal, int horaTemporal, Lista<Enlace*>* recorridoLlamadaTemporal )
                                                                            ^
class/Interno.cpp:77:81: error: expected ‘,’ or ‘...’ before ‘<’ token
 void Interno::agregarLlamadaReceptor(int emisorTemporal, int horaTemporal, Lista<Enlace*>* recorridoLlamadaTemporal )
                                                                                 ^
class/Interno.cpp: In function ‘void agregarLlamadaReceptor(int, int, int)’:
class/Interno.cpp:80:2: error: ‘Llamada’ was not declared in this scope
  Llamada* llamadaTemporal = creaReceptorLlamada(receptorLlamadaTemporal);
  ^
class/Interno.cpp:80:11: error: ‘llamadaTemporal’ was not declared in this scope
  Llamada* llamadaTemporal = creaReceptorLlamada(receptorLlamadaTemporal);
           ^
class/Interno.cpp:80:49: error: ‘receptorLlamadaTemporal’ was not declared in this scope
  Llamada* llamadaTemporal = creaReceptorLlamada(receptorLlamadaTemporal);
                                                 ^
class/Interno.cpp:80:72: error: ‘creaReceptorLlamada’ was not declared in this scope
  Llamada* llamadaTemporal = creaReceptorLlamada(receptorLlamadaTemporal);
                                                                        ^
class/Interno.cpp:84:8: error: invalid use of ‘this’ in non-member function
  if (! this->internoOcupado()) {
        ^
class/Interno.cpp:85:43: error: ‘horaInicioLlamadaEnCursoTemporal’ was not declared in this scope
   llamadaTemporal->empezarLlamadaReceptor(horaInicioLlamadaEnCursoTemporal);
                                           ^
class/Interno.cpp:89:38: error: ‘recorridoLlamadaTemporal’ was not declared in this scope
   llamadaTemporal->empezarLlamada(0, recorridoLlamadaTemporal);
                                      ^
class/Interno.cpp: At global scope:
class/Interno.cpp:77:42: warning: unused parameter ‘emisorTemporal’ [-Wunused-parameter]
 void Interno::agregarLlamadaReceptor(int emisorTemporal, int horaTemporal, Lista<Enlace*>* recorridoLlamadaTemporal )
                                          ^
class/Interno.cpp:77:62: warning: unused parameter ‘horaTemporal’ [-Wunused-parameter]
 void Interno::agregarLlamadaReceptor(int emisorTemporal, int horaTemporal, Lista<Enlace*>* recorridoLlamadaTemporal )
                                                              ^
class/Interno.cpp:95:6: error: ‘Interno’ has not been declared
 void Interno::terminarLlamadaEmisor(int receptorTemporal, int horaTemporal, int precioMinutoTemporal )
      ^
class/Interno.cpp: In function ‘void terminarLlamadaEmisor(int, int, int)’:
class/Interno.cpp:98:2: error: invalid use of ‘this’ in non-member function
  this->llamadas->iniciarCursorNodo();
  ^
class/Interno.cpp:100:2: error: ‘Llamada’ was not declared in this scope
  Llamada* llamadaTemporal = NULL;
  ^
class/Interno.cpp:100:11: error: ‘llamadaTemporal’ was not declared in this scope
  Llamada* llamadaTemporal = NULL;
           ^
class/Interno.cpp:100:29: error: ‘NULL’ was not declared in this scope
  Llamada* llamadaTemporal = NULL;
                             ^
class/Interno.cpp:102:8: error: invalid use of ‘this’ in non-member function
  while(this->llamadas->avanzarCursorNodo() && ! encontroLlamada) {
        ^
class/Interno.cpp:103:21: error: invalid use of ‘this’ in non-member function
   llamadaTemporal = this->llamadas->obtenerCursorNodo();
                     ^
class/Interno.cpp:108:2: error: invalid use of ‘this’ in non-member function
  this->estaOcupado = false;
  ^
class/Interno.cpp: At global scope:
class/Interno.cpp:95:81: warning: unused parameter ‘precioMinutoTemporal’ [-Wunused-parameter]
 void Interno::terminarLlamadaEmisor(int receptorTemporal, int horaTemporal, int precioMinutoTemporal )
                                                                                 ^
class/Interno.cpp:111:6: error: ‘Interno’ has not been declared
 void Interno::terminarLlamadaReceptor(int emisorTemporal, int horaTemporal, int precioMinutoTemporal )
      ^
class/Interno.cpp: In function ‘void terminarLlamadaReceptor(int, int, int)’:
class/Interno.cpp:114:2: error: invalid use of ‘this’ in non-member function
  this->llamadas->iniciarCursorNodo();
  ^
class/Interno.cpp:116:2: error: ‘Llamada’ was not declared in this scope
  Llamada* llamadaTemporal = NULL;
  ^
class/Interno.cpp:116:11: error: ‘llamadaTemporal’ was not declared in this scope
  Llamada* llamadaTemporal = NULL;
           ^
class/Interno.cpp:116:29: error: ‘NULL’ was not declared in this scope
  Llamada* llamadaTemporal = NULL;
                             ^
class/Interno.cpp:118:8: error: invalid use of ‘this’ in non-member function
  while(this->llamadas->avanzarCursorNodo() && ! encontroLlamada) {
        ^
class/Interno.cpp:119:21: error: invalid use of ‘this’ in non-member function
   llamadaTemporal = this->llamadas->obtenerCursorNodo();
                     ^
class/Interno.cpp:124:2: error: invalid use of ‘this’ in non-member function
  this->estaOcupado = false;
  ^
class/Interno.cpp: At global scope:
class/Interno.cpp:111:81: warning: unused parameter ‘precioMinutoTemporal’ [-Wunused-parameter]
 void Interno::terminarLlamadaReceptor(int emisorTemporal, int horaTemporal, int precioMinutoTemporal )
                                                                                 ^
class/Interno.cpp: In function ‘int obtenerNumero()’:
class/Interno.cpp:13:1: warning: control reaches end of non-void function [-Wreturn-type]
 };
 ^
class/Interno.cpp: In function ‘bool internoOcupado()’:
class/Interno.cpp:38:1: warning: control reaches end of non-void function [-Wreturn-type]
 };
 ^
cc1plus: warning: class/Buscador.cpp: not a directory
In file included from class/Enlace.h:8:0,
                 from class/Llamada.h:9,
                 from class/Interno.h:8:
class/Central.h:22:8: error: ‘Interno’ was not declared in this scope
  Lista<Interno*>* internos;
        ^
class/Central.h:22:16: error: template argument 1 is invalid
  Lista<Interno*>* internos;
                ^
class/Central.h:24:8: error: ‘Enlace’ was not declared in this scope
  Lista<Enlace*>* enlaces;
        ^
class/Central.h:24:15: error: template argument 1 is invalid
  Lista<Enlace*>* enlaces;
               ^
class/Central.h:48:2: error: ‘Interno’ does not name a type
  Interno* obtenerInterno(int numeroInterno);
  ^
class/Central.h:54:8: error: ‘Interno’ was not declared in this scope
  Lista<Interno*>* obtenerInternos();
        ^
class/Central.h:54:16: error: template argument 1 is invalid
  Lista<Interno*>* obtenerInternos();
                ^
class/Central.h:60:8: error: ‘Enlace’ was not declared in this scope
  Lista<Enlace*>* obtenerEnlaces();
        ^
class/Central.h:60:15: error: template argument 1 is invalid
  Lista<Enlace*>* obtenerEnlaces();
               ^
class/Central.h:62:21: error: ‘Enlace’ has not been declared
  void agregarEnlace(Enlace* enlaceTemporal);
                     ^
cc1plus: warning: class/Buscador.cpp: not a directory
cc1plus: warning: class/Buscador.cpp: not a directory
cc1plus: warning: class/Buscador.cpp: not a directory
cc1plus: warning: class/Buscador.cpp: not a directory
class/Llamada.cpp:6:1: error: ‘Llamada’ does not name a type
 Llamada::Llamada (int receptorLlamadaTemporal)
 ^
class/Llamada.cpp:20:6: error: ‘Llamada’ has not been declared
 void Llamada::empezarLlamadaEmisor(int horaInicioLlamadaEnCursoTemporal, Lista<Enlace*>* recorridoLlamadaTemporal)
      ^
class/Llamada.cpp:20:74: error: ‘Lista’ has not been declared
 void Llamada::empezarLlamadaEmisor(int horaInicioLlamadaEnCursoTemporal, Lista<Enlace*>* recorridoLlamadaTemporal)
                                                                          ^
class/Llamada.cpp:20:79: error: expected ‘,’ or ‘...’ before ‘<’ token
 void Llamada::empezarLlamadaEmisor(int horaInicioLlamadaEnCursoTemporal, Lista<Enlace*>* recorridoLlamadaTemporal)
                                                                               ^
class/Llamada.cpp: In function ‘void empezarLlamadaEmisor(int, int)’:
class/Llamada.cpp:22:2: error: invalid use of ‘this’ in non-member function
  this->cantidadLlamadasHechas++;
  ^
class/Llamada.cpp:23:2: error: invalid use of ‘this’ in non-member function
  this->horaInicioLlamadaEnCurso = horaInicioLlamadaEnCursoTemporal;
  ^
class/Llamada.cpp:24:2: error: invalid use of ‘this’ in non-member function
  this->recorridoLlamada = recorridoLlamadaTemporal;
  ^
class/Llamada.cpp:24:27: error: ‘recorridoLlamadaTemporal’ was not declared in this scope
  this->recorridoLlamada = recorridoLlamadaTemporal;
                           ^
class/Llamada.cpp: At global scope:
class/Llamada.cpp:27:6: error: ‘Llamada’ has not been declared
 void Llamada::empezarLlamadaReceptor(int horaInicioLlamadaEnCursoTemporal, Lista<Enlace*>* recorridoLlamadaTemporal)
      ^
class/Llamada.cpp:27:76: error: ‘Lista’ has not been declared
 void Llamada::empezarLlamadaReceptor(int horaInicioLlamadaEnCursoTemporal, Lista<Enlace*>* recorridoLlamadaTemporal)
                                                                            ^
class/Llamada.cpp:27:81: error: expected ‘,’ or ‘...’ before ‘<’ token
 void Llamada::empezarLlamadaReceptor(int horaInicioLlamadaEnCursoTemporal, Lista<Enlace*>* recorridoLlamadaTemporal)
                                                                                 ^
class/Llamada.cpp: In function ‘void empezarLlamadaReceptor(int, int)’:
class/Llamada.cpp:29:2: error: invalid use of ‘this’ in non-member function
  this->cantidadLlamadasRecibidas++;
  ^
class/Llamada.cpp:30:2: error: invalid use of ‘this’ in non-member function
  this->horaInicioLlamadaEnCurso = horaInicioLlamadaEnCursoTemporal;
  ^
class/Llamada.cpp:31:2: error: invalid use of ‘this’ in non-member function
  this->recorridoLlamada = recorridoLlamadaTemporal;
  ^
class/Llamada.cpp:31:27: error: ‘recorridoLlamadaTemporal’ was not declared in this scope
  this->recorridoLlamada = recorridoLlamadaTemporal;
                           ^
class/Llamada.cpp: At global scope:
class/Llamada.cpp:34:6: error: ‘Llamada’ has not been declared
 void Llamada::terminarLlamadaEmisor(int horaFinLlamadaEnCursoTemporal)
      ^
class/Llamada.cpp: In function ‘void terminarLlamadaEmisor(int)’:
class/Llamada.cpp:36:2: error: invalid use of ‘this’ in non-member function
  this->duracionLlamadasHechas += (horaFinLlamadaEnCursoTemporal - this->horaInicioLlamadaEnCurso);
  ^
class/Llamada.cpp:36:67: error: invalid use of ‘this’ in non-member function
  this->duracionLlamadasHechas += (horaFinLlamadaEnCursoTemporal - this->horaInicioLlamadaEnCurso);
                                                                   ^
class/Llamada.cpp:37:2: error: invalid use of ‘this’ in non-member function
  this->horaInicioLlamadaEnCurso = 0;
  ^
class/Llamada.cpp:38:2: error: invalid use of ‘this’ in non-member function
  this->recorridoLlamada = NULL;
  ^
class/Llamada.cpp:38:27: error: ‘NULL’ was not declared in this scope
  this->recorridoLlamada = NULL;
                           ^
class/Llamada.cpp: At global scope:
class/Llamada.cpp:41:6: error: ‘Llamada’ has not been declared
 void Llamada::terminarLlamadaReceptor(int horaFinLlamadaEnCursoTemporal)
      ^
class/Llamada.cpp: In function ‘void terminarLlamadaReceptor(int)’:
class/Llamada.cpp:43:2: error: invalid use of ‘this’ in non-member function
  this->duracionLlamadasRecibidas += (horaFinLlamadaEnCursoTemporal - this->horaInicioLlamadaEnCurso);
  ^
class/Llamada.cpp:43:70: error: invalid use of ‘this’ in non-member function
  this->duracionLlamadasRecibidas += (horaFinLlamadaEnCursoTemporal - this->horaInicioLlamadaEnCurso);
                                                                      ^
class/Llamada.cpp:44:2: error: invalid use of ‘this’ in non-member function
  this->horaInicioLlamadaEnCurso = 0;
  ^
class/Llamada.cpp:45:2: error: invalid use of ‘this’ in non-member function
  this->recorridoLlamada = NULL;
  ^
class/Llamada.cpp:45:27: error: ‘NULL’ was not declared in this scope
  this->recorridoLlamada = NULL;
                           ^
class/Llamada.cpp: At global scope:
class/Llamada.cpp:49:5: error: ‘Llamada’ has not been declared
 int Llamada::obtenerReceptorLlamada()
     ^
class/Llamada.cpp: In function ‘int obtenerReceptorLlamada()’:
class/Llamada.cpp:51:9: error: invalid use of ‘this’ in non-member function
  return this->receptorLlamada;
         ^
class/Llamada.cpp: At global scope:
class/Llamada.cpp:54:5: error: ‘Llamada’ has not been declared
 int Llamada::obtenerDuracionLlamadasHechas()
     ^
class/Llamada.cpp: In function ‘int obtenerDuracionLlamadasHechas()’:
class/Llamada.cpp:56:9: error: invalid use of ‘this’ in non-member function
  return this->duracionLlamadasHechas;
         ^
class/Llamada.cpp: At global scope:
class/Llamada.cpp:59:5: error: ‘Llamada’ has not been declared
 int Llamada::obtenerDuracionLlamadasHechas()
     ^
class/Llamada.cpp: In function ‘int obtenerDuracionLlamadasHechas()’:
class/Llamada.cpp:59:5: error: redefinition of ‘int obtenerDuracionLlamadasHechas()’
class/Llamada.cpp:54:5: note: ‘int obtenerDuracionLlamadasHechas()’ previously defined here
 int Llamada::obtenerDuracionLlamadasHechas()
     ^
class/Llamada.cpp:61:9: error: invalid use of ‘this’ in non-member function
  return this->duracionLlamadasRecibidas;
         ^
class/Llamada.cpp: At global scope:
class/Llamada.cpp:64:5: error: ‘Llamada’ has not been declared
 int Llamada::obtenerCantidadOcupadosDados()
     ^
class/Llamada.cpp: In function ‘int obtenerCantidadOcupadosDados()’:
class/Llamada.cpp:66:9: error: invalid use of ‘this’ in non-member function
  return this->cantidadOcupadosDados;
         ^
class/Llamada.cpp: At global scope:
class/Llamada.cpp:69:5: error: ‘Llamada’ has not been declared
 int Llamada::obtenerCantidadOcupadosRecibidos()
     ^
class/Llamada.cpp: In function ‘int obtenerCantidadOcupadosRecibidos()’:
class/Llamada.cpp:71:9: error: invalid use of ‘this’ in non-member function
  return this->cantidadOcupadosRecibidos;
         ^
class/Llamada.cpp: At global scope:
class/Llamada.cpp:74:5: error: ‘Llamada’ has not been declared
 int Llamada::obtenerCantidadLlamadasHechas()
     ^
class/Llamada.cpp: In function ‘int obtenerCantidadLlamadasHechas()’:
class/Llamada.cpp:76:9: error: invalid use of ‘this’ in non-member function
  return this->cantidadLlamadasHechas;
         ^
class/Llamada.cpp: In function ‘int obtenerCantidadLlamadasRecibidas()’:
class/Llamada.cpp:81:10: error: invalid use of ‘this’ in non-member function
   return this->cantidadLlamadasRecibidas
          ^
class/Llamada.cpp:82:1: error: expected ‘;’ before ‘}’ token
 }
 ^
class/Llamada.cpp: At global scope:
class/Llamada.cpp:83:5: error: ‘Llamada’ has not been declared
 int Llamada::obtenerCostoLlamadas()
     ^
class/Llamada.cpp: In function ‘int obtenerCostoLlamadas()’:
class/Llamada.cpp:85:9: error: invalid use of ‘this’ in non-member function
  return this->costoLlamadas;
         ^
class/Llamada.cpp: At global scope:
class/Llamada.cpp:88:1: error: ‘Lista’ does not name a type
 Lista<Enlace*>* obtenerRecorridoLlamada()
 ^
class/Llamada.cpp:93:6: error: ‘Llamada’ has not been declared
 void Llamada::agregarOcupadoRecibido()
      ^
class/Llamada.cpp: In function ‘void agregarOcupadoRecibido()’:
class/Llamada.cpp:95:2: error: invalid use of ‘this’ in non-member function
  this->cantidadOcupadosRecibidos++;
  ^
class/Llamada.cpp: At global scope:
class/Llamada.cpp:98:6: error: ‘Llamada’ has not been declared
 void Llamada::agregarOcupadoDado()
      ^
class/Llamada.cpp: In function ‘void agregarOcupadoDado()’:
class/Llamada.cpp:100:2: error: invalid use of ‘this’ in non-member function
  this->cantidadOcupadosDados++;
  ^
class/Llamada.cpp: In function ‘int obtenerReceptorLlamada()’:
class/Llamada.cpp:52:1: warning: control reaches end of non-void function [-Wreturn-type]
 }
 ^
class/Llamada.cpp: In function ‘int obtenerDuracionLlamadasHechas()’:
class/Llamada.cpp:57:1: warning: control reaches end of non-void function [-Wreturn-type]
 }
 ^
class/Llamada.cpp: In function ‘int obtenerDuracionLlamadasHechas()’:
class/Llamada.cpp:62:1: warning: control reaches end of non-void function [-Wreturn-type]
 }
 ^
class/Llamada.cpp: In function ‘int obtenerCantidadOcupadosDados()’:
class/Llamada.cpp:67:1: warning: control reaches end of non-void function [-Wreturn-type]
 }
 ^
class/Llamada.cpp: In function ‘int obtenerCantidadOcupadosRecibidos()’:
class/Llamada.cpp:72:1: warning: control reaches end of non-void function [-Wreturn-type]
 }
 ^
class/Llamada.cpp: In function ‘int obtenerCantidadLlamadasHechas()’:
class/Llamada.cpp:77:1: warning: control reaches end of non-void function [-Wreturn-type]
 }
 ^
class/Llamada.cpp: In function ‘int obtenerCantidadLlamadasRecibidas()’:
class/Llamada.cpp:82:1: warning: control reaches end of non-void function [-Wreturn-type]
 }
 ^
class/Llamada.cpp: In function ‘int obtenerCostoLlamadas()’:
class/Llamada.cpp:86:1: warning: control reaches end of non-void function [-Wreturn-type]
 }
 ^
cc1plus: warning: class/Buscador.cpp: not a directory
cc1plus: warning: class/Buscador.cpp: not a directory
cc1plus: warning: class/Buscador.cpp: not a directory
class/Opciones.cpp:2:0: error: unterminated #ifndef
 #ifndef NULL
 ^
cc1plus: warning: class/Buscador.cpp: not a directory
cc1plus: warning: class/Buscador.cpp: not a directory
class/ProcesadorLlamada.cpp:3:1: error: prototype for ‘ProcesadorLlamada::ProcesadorLlamada(ProcesadorLlamada*)’ does not match any in class ‘ProcesadorLlamada’
 ProcesadorLlamada::ProcesadorLlamada(ProcesadorLlamada* lectorArchivosTemporal)
 ^
In file included from class/ProcesadorLlamada.cpp:1:0:
class/ProcesadorLlamada.h:16:7: error: candidates are: ProcesadorLlamada::ProcesadorLlamada(const ProcesadorLlamada&)
 class ProcesadorLlamada
       ^
class/ProcesadorLlamada.h:29:2: error:                 ProcesadorLlamada::ProcesadorLlamada(LectorArchivos*)
  ProcesadorLlamada(LectorArchivos* lectorArchivosTemporal);
  ^
class/ProcesadorLlamada.cpp: In member function ‘void ProcesadorLlamada::procesarLlamadas()’:
class/ProcesadorLlamada.cpp:14:27: error: ‘class LectorArchivos’ has no member named ‘chequearLLamada’
  while ( archivoLlamadas->chequearLLamada() ) {
                           ^
class/ProcesadorLlamada.cpp:17:55: error: ‘agregarCentral’ was not declared in this scope
   agregarCentral(this->datosTemporal->obtenerOrigen() );
                                                       ^
class/ProcesadorLlamada.cpp:20:29: error: ‘class DatosLlamada’ has no member named ‘accionTemporal’
   if ( this->datosTemporal->accionTemporal == "Inicio") {
                             ^
class/ProcesadorLlamada.cpp:23:10: error: ‘class ProcesadorLlamada’ has no member named ‘iniciarLlamada’
    this->iniciarLlamada();
          ^
class/ProcesadorLlamada.cpp:25:30: error: ‘class DatosLlamada’ has no member named ‘accionTemporal’
    if ( this->datosTemporal->accionTemporal == "Fin") {
                              ^
class/ProcesadorLlamada.cpp:26:11: error: ‘class ProcesadorLlamada’ has no member named ‘finalizarLlamada’
     this->finalizarLlamada();
           ^
class/ProcesadorLlamada.cpp:28:31: error: ‘class DatosLlamada’ has no member named ‘accionTemporal’
     if ( this->datosTemporal->accionTemporal == "Enlace") {
                               ^
class/ProcesadorLlamada.cpp: At global scope:
class/ProcesadorLlamada.cpp:35:40: error: no ‘void ProcesadorLlamada::iniciarLlamada()’ member function declared in class ‘ProcesadorLlamada’
 void ProcesadorLlamada::iniciarLlamada();
                                        ^
class/ProcesadorLlamada.cpp:36:1: error: expected unqualified-id before ‘{’ token
 {
 ^
cc1plus: warning: class/Buscador.cpp: not a directory
cc1plus: warning: class/Buscador.cpp: not a directory
class/Spot.cpp:10:1: error: ‘Spot’ does not name a type
 Spot::Spot(Central* posicion, int precioHastaSpot, int distanciaHastaSpot)
 ^
class/Spot.cpp:19:1: error: ‘Central’ does not name a type
 Central* Spot::obtenerPosicion()
 ^
class/Spot.cpp:24:6: error: ‘Spot’ has not been declared
 void Spot::anotarCaminoRecorrido(Central* CentralAVisitar, Enlace* enlaceRecorrido)
      ^
class/Spot.cpp:24:34: error: variable or field ‘anotarCaminoRecorrido’ declared void
 void Spot::anotarCaminoRecorrido(Central* CentralAVisitar, Enlace* enlaceRecorrido)
                                  ^
class/Spot.cpp:24:34: error: ‘Central’ was not declared in this scope
class/Spot.cpp:24:43: error: ‘CentralAVisitar’ was not declared in this scope
 void Spot::anotarCaminoRecorrido(Central* CentralAVisitar, Enlace* enlaceRecorrido)
                                           ^
class/Spot.cpp:24:60: error: ‘Enlace’ was not declared in this scope
 void Spot::anotarCaminoRecorrido(Central* CentralAVisitar, Enlace* enlaceRecorrido)
                                                            ^
class/Spot.cpp:24:68: error: ‘enlaceRecorrido’ was not declared in this scope
 void Spot::anotarCaminoRecorrido(Central* CentralAVisitar, Enlace* enlaceRecorrido)
                                                                    ^
class/Spot.cpp:30:6: error: ‘Spot’ has not been declared
 bool Spot::visitasteLacentral(Central* centralAVisitar)
      ^
class/Spot.cpp:30:31: error: ‘Central’ was not declared in this scope
 bool Spot::visitasteLacentral(Central* centralAVisitar)
                               ^
class/Spot.cpp:30:40: error: ‘centralAVisitar’ was not declared in this scope
 bool Spot::visitasteLacentral(Central* centralAVisitar)
                                        ^
class/Spot.cpp:31:1: error: expected ‘,’ or ‘;’ before ‘{’ token
 {
 ^
cc1plus: warning: class/Buscador.cpp: not a directory
In file included from class/Interno.h:8:0,
                 from class/Central.h:10,
                 from class/Enlace.h:8,
                 from class/Spot.h:9:
class/Llamada.h:18:2: error: ‘Lista’ does not name a type
  Lista<Enlace*>* recorridoLlamada;
  ^
class/Llamada.h:32:66: error: ‘Lista’ has not been declared
  void empezarLlamadaEmisor(int horaInicioLlamadaEnCursoTemporal, Lista<Enlace*>* recorridoLlamadaTemporal);
                                                                  ^
class/Llamada.h:32:71: error: expected ‘,’ or ‘...’ before ‘<’ token
  void empezarLlamadaEmisor(int horaInicioLlamadaEnCursoTemporal, Lista<Enlace*>* recorridoLlamadaTemporal);
                                                                       ^
class/Llamada.h:33:68: error: ‘Lista’ has not been declared
  void empezarLlamadaReceptor(int horaInicioLlamadaEnCursoTemporal, Lista<Enlace*>* recorridoLlamadaTemporal);
                                                                    ^
class/Llamada.h:33:73: error: expected ‘,’ or ‘...’ before ‘<’ token
  void empezarLlamadaReceptor(int horaInicioLlamadaEnCursoTemporal, Lista<Enlace*>* recorridoLlamadaTemporal);
                                                                         ^
class/Llamada.h:61:2: error: ‘Lista’ does not name a type
  Lista<Enlace*>* obtenerRecorridoLlamada();
  ^
In file included from class/Central.h:10:0,
                 from class/Enlace.h:8,
                 from class/Spot.h:9:
class/Interno.h:23:2: error: ‘Lista’ does not name a type
  Lista<Llamada*>* llamadas; //apunta siempre a la primer llamada
  ^
class/Interno.h:59:2: error: ‘Lista’ does not name a type
  Lista<Llamada*>* obtenerLlamadas();
  ^
class/Interno.h:61:2: error: ‘Lista’ does not name a type
  Lista<Enlace*>* devolverRecorridoLlamada(int emisorLlamadaTemporal, int receptorLlamadaTemporal);
  ^
In file included from class/Enlace.h:8:0,
                 from class/Spot.h:9:
class/Central.h:22:2: error: ‘Lista’ does not name a type
  Lista<Interno*>* internos;
  ^
class/Central.h:24:2: error: ‘Lista’ does not name a type
  Lista<Enlace*>* enlaces;
  ^
class/Central.h:54:2: error: ‘Lista’ does not name a type
  Lista<Interno*>* obtenerInternos();
  ^
class/Central.h:60:2: error: ‘Lista’ does not name a type
  Lista<Enlace*>* obtenerEnlaces();
  ^
In file included from class/Spot.h:9:0:
class/Enlace.h:22:2: error: ‘Lista’ does not name a type
  Lista<Central*>* centrales;
  ^
In file included from class/Spot.h:9:0:
class/Enlace.h:31:130: error: ‘Lista’ has not been declared
  Enlace(int OrigenTemporal, int DestinoTemporal, int distanciaTemporal, int cantidadCanalesTemporal, int CostoPorMinutoTemporal, Lista<Central*>* centralesTemporal);
                                                                                                                                  ^
class/Enlace.h:31:135: error: expected ‘,’ or ‘...’ before ‘<’ token
  Enlace(int OrigenTemporal, int DestinoTemporal, int distanciaTemporal, int cantidadCanalesTemporal, int CostoPorMinutoTemporal, Lista<Central*>* centralesTemporal);
                                                                                                                                       ^
class/Spot.h:34:2: error: ‘Lista’ does not name a type
  Lista<Central*>* centralesVisitadas;
  ^
